<?xml version="1.0" encoding="UTF-8"?>
<testsuite name="com.tutrit.bdd.integration.CoinRepoTest" tests="5" skipped="0" failures="0" errors="0" timestamp="2024-05-23T00:04:04" hostname="Maksims-MacBook-Pro.local" time="0.127">
  <properties/>
  <testcase name="testGetAllCoins()" classname="com.tutrit.bdd.integration.CoinRepoTest" time="0.034"/>
  <testcase name="testUpdateCoin()" classname="com.tutrit.bdd.integration.CoinRepoTest" time="0.043"/>
  <testcase name="testReadCoin()" classname="com.tutrit.bdd.integration.CoinRepoTest" time="0.013"/>
  <testcase name="testCreateCoin()" classname="com.tutrit.bdd.integration.CoinRepoTest" time="0.016"/>
  <testcase name="testDeleteCoin()" classname="com.tutrit.bdd.integration.CoinRepoTest" time="0.02"/>
  <system-out><![CDATA[?[2m2024-05-23T02:04:04.081+02:00?[0;39m ?[32m INFO?[0;39m ?[35m25142?[0;39m ?[2m---?[0;39m ?[2m[bdd] [    Test worker]?[0;39m ?[2m?[0;39m?[36mt.c.s.AnnotationConfigContextLoaderUtils?[0;39m ?[2m:?[0;39m Could not detect default configuration classes for test class [com.tutrit.bdd.integration.CoinRepoTest]: CoinRepoTest does not declare any static, non-private, non-final, nested classes annotated with @Configuration.
?[2m2024-05-23T02:04:04.083+02:00?[0;39m ?[32m INFO?[0;39m ?[35m25142?[0;39m ?[2m---?[0;39m ?[2m[bdd] [    Test worker]?[0;39m ?[2m?[0;39m?[36m.b.t.c.SpringBootTestContextBootstrapper?[0;39m ?[2m:?[0;39m Found @SpringBootConfiguration com.tutrit.bdd.Application for test class com.tutrit.bdd.integration.CoinRepoTest

  .   ____          _            __ _ _
 /\\ / ___'_ __ _ _(_)_ __  __ _ \ \ \ \
( ( )\___ | '_ | '_| | '_ \/ _` | \ \ \ \
 \\/  ___)| |_)| | | | | || (_| |  ) ) ) )
  '  |____| .__|_| |_|_| |_\__, | / / / /
 =========|_|==============|___/=/_/_/_/
?[32m :: Spring Boot :: ?[39m              ?[2m (v3.2.5)?[0;39m

?[2m2024-05-23T02:04:04.090+02:00?[0;39m ?[32m INFO?[0;39m ?[35m25142?[0;39m ?[2m---?[0;39m ?[2m[bdd] [    Test worker]?[0;39m ?[2m?[0;39m?[36mc.tutrit.bdd.integration.CoinRepoTest   ?[0;39m ?[2m:?[0;39m Starting CoinRepoTest using Java 22.0.1 with PID 25142 (started by mikas in /Users/mikas/git/bdd-cucumber)
?[2m2024-05-23T02:04:04.091+02:00?[0;39m ?[32m INFO?[0;39m ?[35m25142?[0;39m ?[2m---?[0;39m ?[2m[bdd] [    Test worker]?[0;39m ?[2m?[0;39m?[36mc.tutrit.bdd.integration.CoinRepoTest   ?[0;39m ?[2m:?[0;39m The following 1 profile is active: "test"
?[2m2024-05-23T02:04:04.126+02:00?[0;39m ?[32m INFO?[0;39m ?[35m25142?[0;39m ?[2m---?[0;39m ?[2m[bdd] [    Test worker]?[0;39m ?[2m?[0;39m?[36m.s.d.r.c.RepositoryConfigurationDelegate?[0;39m ?[2m:?[0;39m Bootstrapping Spring Data JPA repositories in DEFAULT mode.
?[2m2024-05-23T02:04:04.129+02:00?[0;39m ?[32m INFO?[0;39m ?[35m25142?[0;39m ?[2m---?[0;39m ?[2m[bdd] [    Test worker]?[0;39m ?[2m?[0;39m?[36m.s.d.r.c.RepositoryConfigurationDelegate?[0;39m ?[2m:?[0;39m Finished Spring Data repository scanning in 2 ms. Found 1 JPA repository interface.
?[2m2024-05-23T02:04:04.149+02:00?[0;39m ?[32m INFO?[0;39m ?[35m25142?[0;39m ?[2m---?[0;39m ?[2m[bdd] [    Test worker]?[0;39m ?[2m?[0;39m?[36mo.s.b.w.embedded.tomcat.TomcatWebServer ?[0;39m ?[2m:?[0;39m Tomcat initialized with port 0 (http)
?[2m2024-05-23T02:04:04.150+02:00?[0;39m ?[32m INFO?[0;39m ?[35m25142?[0;39m ?[2m---?[0;39m ?[2m[bdd] [    Test worker]?[0;39m ?[2m?[0;39m?[36mo.apache.catalina.core.StandardService  ?[0;39m ?[2m:?[0;39m Starting service [Tomcat]
?[2m2024-05-23T02:04:04.150+02:00?[0;39m ?[32m INFO?[0;39m ?[35m25142?[0;39m ?[2m---?[0;39m ?[2m[bdd] [    Test worker]?[0;39m ?[2m?[0;39m?[36mo.apache.catalina.core.StandardEngine   ?[0;39m ?[2m:?[0;39m Starting Servlet engine: [Apache Tomcat/10.1.20]
?[2m2024-05-23T02:04:04.160+02:00?[0;39m ?[32m INFO?[0;39m ?[35m25142?[0;39m ?[2m---?[0;39m ?[2m[bdd] [    Test worker]?[0;39m ?[2m?[0;39m?[36mo.a.c.c.C.[Tomcat-1].[localhost].[/]    ?[0;39m ?[2m:?[0;39m Initializing Spring embedded WebApplicationContext
?[2m2024-05-23T02:04:04.160+02:00?[0;39m ?[32m INFO?[0;39m ?[35m25142?[0;39m ?[2m---?[0;39m ?[2m[bdd] [    Test worker]?[0;39m ?[2m?[0;39m?[36mw.s.c.ServletWebServerApplicationContext?[0;39m ?[2m:?[0;39m Root WebApplicationContext: initialization completed in 69 ms
?[2m2024-05-23T02:04:04.171+02:00?[0;39m ?[32m INFO?[0;39m ?[35m25142?[0;39m ?[2m---?[0;39m ?[2m[bdd] [    Test worker]?[0;39m ?[2m?[0;39m?[36mcom.zaxxer.hikari.HikariDataSource      ?[0;39m ?[2m:?[0;39m HikariPool-3 - Starting...
?[2m2024-05-23T02:04:04.172+02:00?[0;39m ?[32m INFO?[0;39m ?[35m25142?[0;39m ?[2m---?[0;39m ?[2m[bdd] [    Test worker]?[0;39m ?[2m?[0;39m?[36mcom.zaxxer.hikari.pool.HikariPool       ?[0;39m ?[2m:?[0;39m HikariPool-3 - Added connection conn20: url=jdbc:h2:mem:testdb user=SA
?[2m2024-05-23T02:04:04.172+02:00?[0;39m ?[32m INFO?[0;39m ?[35m25142?[0;39m ?[2m---?[0;39m ?[2m[bdd] [    Test worker]?[0;39m ?[2m?[0;39m?[36mcom.zaxxer.hikari.HikariDataSource      ?[0;39m ?[2m:?[0;39m HikariPool-3 - Start completed.
?[2m2024-05-23T02:04:04.172+02:00?[0;39m ?[32m INFO?[0;39m ?[35m25142?[0;39m ?[2m---?[0;39m ?[2m[bdd] [    Test worker]?[0;39m ?[2m?[0;39m?[36mo.hibernate.jpa.internal.util.LogHelper ?[0;39m ?[2m:?[0;39m HHH000204: Processing PersistenceUnitInfo [name: default]
?[2m2024-05-23T02:04:04.173+02:00?[0;39m ?[32m INFO?[0;39m ?[35m25142?[0;39m ?[2m---?[0;39m ?[2m[bdd] [    Test worker]?[0;39m ?[2m?[0;39m?[36mo.h.c.internal.RegionFactoryInitiator   ?[0;39m ?[2m:?[0;39m HHH000026: Second-level cache disabled
?[2m2024-05-23T02:04:04.175+02:00?[0;39m ?[32m INFO?[0;39m ?[35m25142?[0;39m ?[2m---?[0;39m ?[2m[bdd] [    Test worker]?[0;39m ?[2m?[0;39m?[36mo.s.o.j.p.SpringPersistenceUnitInfo     ?[0;39m ?[2m:?[0;39m No LoadTimeWeaver setup: ignoring JPA class transformer
?[2m2024-05-23T02:04:04.175+02:00?[0;39m ?[33m WARN?[0;39m ?[35m25142?[0;39m ?[2m---?[0;39m ?[2m[bdd] [    Test worker]?[0;39m ?[2m?[0;39m?[36morg.hibernate.orm.deprecation           ?[0;39m ?[2m:?[0;39m HHH90000025: H2Dialect does not need to be specified explicitly using 'hibernate.dialect' (remove the property setting and it will be selected by default)
?[2m2024-05-23T02:04:04.200+02:00?[0;39m ?[32m INFO?[0;39m ?[35m25142?[0;39m ?[2m---?[0;39m ?[2m[bdd] [    Test worker]?[0;39m ?[2m?[0;39m?[36mo.h.e.t.j.p.i.JtaPlatformInitiator      ?[0;39m ?[2m:?[0;39m HHH000489: No JTA platform available (set 'hibernate.transaction.jta.platform' to enable JTA platform integration)
?[2m2024-05-23T02:04:04.202+02:00?[0;39m ?[32m INFO?[0;39m ?[35m25142?[0;39m ?[2m---?[0;39m ?[2m[bdd] [    Test worker]?[0;39m ?[2m?[0;39m?[36mj.LocalContainerEntityManagerFactoryBean?[0;39m ?[2m:?[0;39m Initialized JPA EntityManagerFactory for persistence unit 'default'
?[2m2024-05-23T02:04:04.207+02:00?[0;39m ?[33m WARN?[0;39m ?[35m25142?[0;39m ?[2m---?[0;39m ?[2m[bdd] [    Test worker]?[0;39m ?[2m?[0;39m?[36mJpaBaseConfiguration$JpaWebConfiguration?[0;39m ?[2m:?[0;39m spring.jpa.open-in-view is enabled by default. Therefore, database queries may be performed during view rendering. Explicitly configure spring.jpa.open-in-view to disable this warning
?[2m2024-05-23T02:04:04.267+02:00?[0;39m ?[32m INFO?[0;39m ?[35m25142?[0;39m ?[2m---?[0;39m ?[2m[bdd] [    Test worker]?[0;39m ?[2m?[0;39m?[36mo.s.b.w.embedded.tomcat.TomcatWebServer ?[0;39m ?[2m:?[0;39m Tomcat started on port 62313 (http) with context path ''
?[2m2024-05-23T02:04:04.269+02:00?[0;39m ?[32m INFO?[0;39m ?[35m25142?[0;39m ?[2m---?[0;39m ?[2m[bdd] [    Test worker]?[0;39m ?[2m?[0;39m?[36mc.tutrit.bdd.integration.CoinRepoTest   ?[0;39m ?[2m:?[0;39m Started CoinRepoTest in 0.183 seconds (process running for 5.51)
?[2m2024-05-23T02:04:04.279+02:00?[0;39m ?[32m INFO?[0;39m ?[35m25142?[0;39m ?[2m---?[0;39m ?[2m[bdd] [o-auto-2-exec-1]?[0;39m ?[2m?[0;39m?[36mo.a.c.c.C.[Tomcat-1].[localhost].[/]    ?[0;39m ?[2m:?[0;39m Initializing Spring DispatcherServlet 'dispatcherServlet'
?[2m2024-05-23T02:04:04.279+02:00?[0;39m ?[32m INFO?[0;39m ?[35m25142?[0;39m ?[2m---?[0;39m ?[2m[bdd] [o-auto-2-exec-1]?[0;39m ?[2m?[0;39m?[36mo.s.web.servlet.DispatcherServlet       ?[0;39m ?[2m:?[0;39m Initializing Servlet 'dispatcherServlet'
?[2m2024-05-23T02:04:04.280+02:00?[0;39m ?[32m INFO?[0;39m ?[35m25142?[0;39m ?[2m---?[0;39m ?[2m[bdd] [o-auto-2-exec-1]?[0;39m ?[2m?[0;39m?[36mo.s.web.servlet.DispatcherServlet       ?[0;39m ?[2m:?[0;39m Completed initialization in 1 ms
]]></system-out>
  <system-err><![CDATA[]]></system-err>
</testsuite>
